\BOOKMARK [0][-]{chapter.1}{\376\377\0001\000\040\000C\000S\0003\0005\0002\0008\000\137\000P\000r\000o\000j\000e\000c\000t}{}% 1
\BOOKMARK [0][-]{chapter.2}{\376\377\0002\000\040\000C\000l\000a\000s\000s\000\040\000I\000n\000d\000e\000x}{}% 2
\BOOKMARK [1][-]{section.2.1}{\376\377\0002\000.\0001\000\040\000C\000l\000a\000s\000s\000\040\000L\000i\000s\000t}{chapter.2}% 3
\BOOKMARK [0][-]{chapter.3}{\376\377\0003\000\040\000C\000l\000a\000s\000s\000\040\000D\000o\000c\000u\000m\000e\000n\000t\000a\000t\000i\000o\000n}{}% 4
\BOOKMARK [1][-]{section.3.1}{\376\377\0003\000.\0001\000\040\000H\000a\000s\000h\000:\000:\000\137\000h\000t\000\040\000S\000t\000r\000u\000c\000t\000\040\000R\000e\000f\000e\000r\000e\000n\000c\000e}{chapter.3}% 5
\BOOKMARK [1][-]{section.3.2}{\376\377\0003\000.\0002\000\040\000A\000g\000g\000I\000n\000f\000o\000\040\000S\000t\000r\000u\000c\000t\000\040\000R\000e\000f\000e\000r\000e\000n\000c\000e}{chapter.3}% 6
\BOOKMARK [1][-]{section.3.3}{\376\377\0003\000.\0003\000\040\000A\000g\000g\000I\000n\000f\000o\000:\000:\000A\000g\000g\000I\000n\000f\000o\000\137\000c\000o\000l\000\040\000S\000t\000r\000u\000c\000t\000\040\000R\000e\000f\000e\000r\000e\000n\000c\000e}{chapter.3}% 7
\BOOKMARK [1][-]{section.3.4}{\376\377\0003\000.\0004\000\040\000A\000g\000g\000I\000n\000f\000o\000:\000:\000A\000g\000g\000I\000n\000f\000o\000\137\000f\000u\000n\000c\000\040\000S\000t\000r\000u\000c\000t\000\040\000R\000e\000f\000e\000r\000e\000n\000c\000e}{chapter.3}% 8
\BOOKMARK [1][-]{section.3.5}{\376\377\0003\000.\0005\000\040\000a\000n\000a\000l\000y\000s\000i\000s\000I\000n\000f\000o\000\040\000S\000t\000r\000u\000c\000t\000\040\000R\000e\000f\000e\000r\000e\000n\000c\000e}{chapter.3}% 9
\BOOKMARK [1][-]{section.3.6}{\376\377\0003\000.\0006\000\040\000A\000u\000t\000h\000C\000o\000n\000t\000e\000x\000t\000\040\000S\000t\000r\000u\000c\000t\000\040\000R\000e\000f\000e\000r\000e\000n\000c\000e}{chapter.3}% 10
\BOOKMARK [1][-]{section.3.7}{\376\377\0003\000.\0007\000\040\000A\000u\000t\000o\000i\000n\000c\000I\000n\000f\000o\000\040\000S\000t\000r\000u\000c\000t\000\040\000R\000e\000f\000e\000r\000e\000n\000c\000e}{chapter.3}% 11
\BOOKMARK [1][-]{section.3.8}{\376\377\0003\000.\0008\000\040\000A\000u\000x\000D\000a\000t\000a\000\040\000S\000t\000r\000u\000c\000t\000\040\000R\000e\000f\000e\000r\000e\000n\000c\000e}{chapter.3}% 12
\BOOKMARK [1][-]{section.3.9}{\376\377\0003\000.\0009\000\040\000B\000i\000t\000v\000e\000c\000\040\000S\000t\000r\000u\000c\000t\000\040\000R\000e\000f\000e\000r\000e\000n\000c\000e}{chapter.3}% 13
\BOOKMARK [1][-]{section.3.10}{\376\377\0003\000.\0001\0000\000\040\000B\000t\000C\000u\000r\000s\000o\000r\000\040\000S\000t\000r\000u\000c\000t\000\040\000R\000e\000f\000e\000r\000e\000n\000c\000e}{chapter.3}% 14
\BOOKMARK [1][-]{section.3.11}{\376\377\0003\000.\0001\0001\000\040\000B\000t\000L\000o\000c\000k\000\040\000S\000t\000r\000u\000c\000t\000\040\000R\000e\000f\000e\000r\000e\000n\000c\000e}{chapter.3}% 15
\BOOKMARK [1][-]{section.3.12}{\376\377\0003\000.\0001\0002\000\040\000B\000t\000r\000e\000e\000\040\000S\000t\000r\000u\000c\000t\000\040\000R\000e\000f\000e\000r\000e\000n\000c\000e}{chapter.3}% 16
\BOOKMARK [1][-]{section.3.13}{\376\377\0003\000.\0001\0003\000\040\000B\000t\000r\000e\000e\000P\000a\000y\000l\000o\000a\000d\000\040\000S\000t\000r\000u\000c\000t\000\040\000R\000e\000f\000e\000r\000e\000n\000c\000e}{chapter.3}% 17
\BOOKMARK [1][-]{section.3.14}{\376\377\0003\000.\0001\0004\000\040\000B\000t\000S\000h\000a\000r\000e\000d\000\040\000S\000t\000r\000u\000c\000t\000\040\000R\000e\000f\000e\000r\000e\000n\000c\000e}{chapter.3}% 18
\BOOKMARK [1][-]{section.3.15}{\376\377\0003\000.\0001\0005\000\040\000B\000u\000s\000y\000H\000a\000n\000d\000l\000e\000r\000\040\000S\000t\000r\000u\000c\000t\000\040\000R\000e\000f\000e\000r\000e\000n\000c\000e}{chapter.3}% 19
\BOOKMARK [1][-]{section.3.16}{\376\377\0003\000.\0001\0006\000\040\000C\000e\000l\000l\000A\000r\000r\000a\000y\000\040\000S\000t\000r\000u\000c\000t\000\040\000R\000e\000f\000e\000r\000e\000n\000c\000e}{chapter.3}% 20
\BOOKMARK [1][-]{section.3.17}{\376\377\0003\000.\0001\0007\000\040\000C\000e\000l\000l\000I\000n\000f\000o\000\040\000S\000t\000r\000u\000c\000t\000\040\000R\000e\000f\000e\000r\000e\000n\000c\000e}{chapter.3}% 21
\BOOKMARK [1][-]{section.3.18}{\376\377\0003\000.\0001\0008\000\040\000C\000l\000i\000e\000n\000t\000\040\000C\000l\000a\000s\000s\000\040\000R\000e\000f\000e\000r\000e\000n\000c\000e}{chapter.3}% 22
\BOOKMARK [2][-]{subsection.3.18.1}{\376\377\0003\000.\0001\0008\000.\0001\000\040\000D\000e\000t\000a\000i\000l\000e\000d\000\040\000D\000e\000s\000c\000r\000i\000p\000t\000i\000o\000n}{section.3.18}% 23
\BOOKMARK [2][-]{subsection.3.18.2}{\376\377\0003\000.\0001\0008\000.\0002\000\040\000C\000o\000n\000s\000t\000r\000u\000c\000t\000o\000r\000\040\000\046\000\040\000D\000e\000s\000t\000r\000u\000c\000t\000o\000r\000\040\000D\000o\000c\000u\000m\000e\000n\000t\000a\000t\000i\000o\000n}{section.3.18}% 24
\BOOKMARK [3][-]{subsubsection.3.18.2.1}{\376\377\0003\000.\0001\0008\000.\0002\000.\0001\000\040\000C\000l\000i\000e\000n\000t\000\050\000c\000o\000n\000s\000t\000\040\000s\000t\000r\000i\000n\000g\000\040\000n\000a\000m\000,\000\040\000c\000o\000n\000s\000t\000\040\000s\000t\000r\000i\000n\000g\000\040\000a\000d\000d\000,\000\040\000c\000o\000n\000s\000t\000\040\000s\000t\000r\000i\000n\000g\000\040\000c\000i\000t\000,\000\040\000c\000o\000n\000s\000t\000\040\000s\000t\000r\000i\000n\000g\000\040\000s\000t\000,\000\040\000c\000o\000n\000s\000t\000\040\000s\000t\000r\000i\000n\000g\000\040\000z\000,\000\040\000c\000o\000n\000s\000t\000\040\000i\000n\000t\000\040\000c\000l\000i\000e\000n\000t\000I\000D\000\051}{subsection.3.18.2}% 25
\BOOKMARK [2][-]{subsection.3.18.3}{\376\377\0003\000.\0001\0008\000.\0003\000\040\000M\000e\000m\000b\000e\000r\000\040\000F\000u\000n\000c\000t\000i\000o\000n\000\040\000D\000o\000c\000u\000m\000e\000n\000t\000a\000t\000i\000o\000n}{section.3.18}% 26
\BOOKMARK [3][-]{subsubsection.3.18.3.1}{\376\377\0003\000.\0001\0008\000.\0003\000.\0001\000\040\000g\000e\000t\000A\000d\000d\000r\000e\000s\000s\000\050\000\051\000\040\000c\000o\000n\000s\000t\000\040}{subsection.3.18.3}% 27
\BOOKMARK [3][-]{subsubsection.3.18.3.2}{\376\377\0003\000.\0001\0008\000.\0003\000.\0002\000\040\000g\000e\000t\000C\000o\000o\000r\000d\000s\000\050\000\051}{subsection.3.18.3}% 28
\BOOKMARK [3][-]{subsubsection.3.18.3.3}{\376\377\0003\000.\0001\0008\000.\0003\000.\0003\000\040\000g\000e\000t\000R\000e\000c\000e\000i\000v\000e\000d\000P\000a\000c\000k\000a\000g\000e\000s\000\050\000\051\000\040\000c\000o\000n\000s\000t\000\040}{subsection.3.18.3}% 29
\BOOKMARK [3][-]{subsubsection.3.18.3.4}{\376\377\0003\000.\0001\0008\000.\0003\000.\0004\000\040\000g\000e\000t\000S\000e\000n\000t\000P\000a\000c\000k\000a\000g\000e\000s\000\050\000\051\000\040\000c\000o\000n\000s\000t\000\040}{subsection.3.18.3}% 30
\BOOKMARK [3][-]{subsubsection.3.18.3.5}{\376\377\0003\000.\0001\0008\000.\0003\000.\0005\000\040\000p\000a\000r\000s\000e\000A\000d\000d\000r\000e\000s\000s\000\050\000\051}{subsection.3.18.3}% 31
\BOOKMARK [3][-]{subsubsection.3.18.3.6}{\376\377\0003\000.\0001\0008\000.\0003\000.\0006\000\040\000r\000e\000c\000e\000i\000v\000e\000P\000a\000c\000k\000a\000g\000e\000\050\000P\000a\000c\000k\000a\000g\000e\000\040\000*\000p\000a\000c\000k\000\051}{subsection.3.18.3}% 32
\BOOKMARK [3][-]{subsubsection.3.18.3.7}{\376\377\0003\000.\0001\0008\000.\0003\000.\0007\000\040\000s\000e\000n\000d\000P\000a\000c\000k\000a\000g\000e\000\050\000P\000a\000c\000k\000a\000g\000e\000\040\000*\000p\000a\000c\000k\000\051}{subsection.3.18.3}% 33
\BOOKMARK [3][-]{subsubsection.3.18.3.8}{\376\377\0003\000.\0001\0008\000.\0003\000.\0008\000\040\000s\000e\000t\000A\000d\000d\000r\000e\000s\000s\000\050\000c\000o\000n\000s\000t\000\040\000s\000t\000r\000i\000n\000g\000\040\000a\000d\000d\000,\000\040\000c\000o\000n\000s\000t\000\040\000s\000t\000r\000i\000n\000g\000\040\000c\000i\000t\000,\000\040\000c\000o\000n\000s\000t\000\040\000s\000t\000r\000i\000n\000g\000\040\000s\000t\000,\000\040\000c\000o\000n\000s\000t\000\040\000s\000t\000r\000i\000n\000g\000\040\000z\000\051}{subsection.3.18.3}% 34
\BOOKMARK [3][-]{subsubsection.3.18.3.9}{\376\377\0003\000.\0001\0008\000.\0003\000.\0009\000\040\000t\000o\000S\000t\000r\000i\000n\000g\000\050\000\051\000\040\000c\000o\000n\000s\000t\000\040}{subsection.3.18.3}% 35
\BOOKMARK [1][-]{section.3.19}{\376\377\0003\000.\0001\0009\000\040\000C\000o\000l\000l\000S\000e\000q\000\040\000S\000t\000r\000u\000c\000t\000\040\000R\000e\000f\000e\000r\000e\000n\000c\000e}{chapter.3}% 36
\BOOKMARK [1][-]{section.3.20}{\376\377\0003\000.\0002\0000\000\040\000C\000o\000l\000u\000m\000n\000\040\000S\000t\000r\000u\000c\000t\000\040\000R\000e\000f\000e\000r\000e\000n\000c\000e}{chapter.3}% 37
\BOOKMARK [1][-]{section.3.21}{\376\377\0003\000.\0002\0001\000\040\000c\000o\000m\000p\000a\000r\000e\000I\000n\000f\000o\000\040\000S\000t\000r\000u\000c\000t\000\040\000R\000e\000f\000e\000r\000e\000n\000c\000e}{chapter.3}% 38
\BOOKMARK [1][-]{section.3.22}{\376\377\0003\000.\0002\0002\000\040\000C\000o\000u\000n\000t\000C\000t\000x\000\040\000S\000t\000r\000u\000c\000t\000\040\000R\000e\000f\000e\000r\000e\000n\000c\000e}{chapter.3}% 39
\BOOKMARK [1][-]{section.3.23}{\376\377\0003\000.\0002\0003\000\040\000W\000i\000t\000h\000:\000:\000C\000t\000e\000\040\000S\000t\000r\000u\000c\000t\000\040\000R\000e\000f\000e\000r\000e\000n\000c\000e}{chapter.3}% 40
\BOOKMARK [1][-]{section.3.24}{\376\377\0003\000.\0002\0004\000\040\000D\000a\000t\000e\000T\000i\000m\000e\000\040\000S\000t\000r\000u\000c\000t\000\040\000R\000e\000f\000e\000r\000e\000n\000c\000e}{chapter.3}% 41
\BOOKMARK [1][-]{section.3.25}{\376\377\0003\000.\0002\0005\000\040\000D\000b\000\040\000S\000t\000r\000u\000c\000t\000\040\000R\000e\000f\000e\000r\000e\000n\000c\000e}{chapter.3}% 42
\BOOKMARK [1][-]{section.3.26}{\376\377\0003\000.\0002\0006\000\040\000D\000b\000F\000i\000x\000e\000r\000\040\000S\000t\000r\000u\000c\000t\000\040\000R\000e\000f\000e\000r\000e\000n\000c\000e}{chapter.3}% 43
\BOOKMARK [1][-]{section.3.27}{\376\377\0003\000.\0002\0007\000\040\000D\000i\000s\000t\000i\000n\000c\000t\000C\000t\000x\000\040\000S\000t\000r\000u\000c\000t\000\040\000R\000e\000f\000e\000r\000e\000n\000c\000e}{chapter.3}% 44
\BOOKMARK [1][-]{section.3.28}{\376\377\0003\000.\0002\0008\000\040\000e\000t\000\137\000i\000n\000f\000o\000\040\000S\000t\000r\000u\000c\000t\000\040\000R\000e\000f\000e\000r\000e\000n\000c\000e}{chapter.3}% 45
\BOOKMARK [1][-]{section.3.29}{\376\377\0003\000.\0002\0009\000\040\000E\000x\000p\000r\000\040\000S\000t\000r\000u\000c\000t\000\040\000R\000e\000f\000e\000r\000e\000n\000c\000e}{chapter.3}% 46
\BOOKMARK [1][-]{section.3.30}{\376\377\0003\000.\0003\0000\000\040\000E\000x\000p\000r\000L\000i\000s\000t\000\040\000S\000t\000r\000u\000c\000t\000\040\000R\000e\000f\000e\000r\000e\000n\000c\000e}{chapter.3}% 47
\BOOKMARK [1][-]{section.3.31}{\376\377\0003\000.\0003\0001\000\040\000E\000x\000p\000r\000L\000i\000s\000t\000:\000:\000E\000x\000p\000r\000L\000i\000s\000t\000\137\000i\000t\000e\000m\000\040\000S\000t\000r\000u\000c\000t\000\040\000R\000e\000f\000e\000r\000e\000n\000c\000e}{chapter.3}% 48
\BOOKMARK [1][-]{section.3.32}{\376\377\0003\000.\0003\0002\000\040\000E\000x\000p\000r\000S\000p\000a\000n\000\040\000S\000t\000r\000u\000c\000t\000\040\000R\000e\000f\000e\000r\000e\000n\000c\000e}{chapter.3}% 49
\BOOKMARK [1][-]{section.3.33}{\376\377\0003\000.\0003\0003\000\040\000F\000i\000l\000e\000C\000h\000u\000n\000k\000\040\000S\000t\000r\000u\000c\000t\000\040\000R\000e\000f\000e\000r\000e\000n\000c\000e}{chapter.3}% 50
\BOOKMARK [1][-]{section.3.34}{\376\377\0003\000.\0003\0004\000\040\000F\000i\000l\000e\000P\000o\000i\000n\000t\000\040\000S\000t\000r\000u\000c\000t\000\040\000R\000e\000f\000e\000r\000e\000n\000c\000e}{chapter.3}% 51
\BOOKMARK [1][-]{section.3.35}{\376\377\0003\000.\0003\0005\000\040\000F\000K\000e\000y\000\040\000S\000t\000r\000u\000c\000t\000\040\000R\000e\000f\000e\000r\000e\000n\000c\000e}{chapter.3}% 52
\BOOKMARK [1][-]{section.3.36}{\376\377\0003\000.\0003\0006\000\040\000f\000t\000s\0005\000\137\000a\000p\000i\000\040\000S\000t\000r\000u\000c\000t\000\040\000R\000e\000f\000e\000r\000e\000n\000c\000e}{chapter.3}% 53
\BOOKMARK [1][-]{section.3.37}{\376\377\0003\000.\0003\0007\000\040\000f\000t\000s\0005\000\137\000t\000o\000k\000e\000n\000i\000z\000e\000r\000\040\000S\000t\000r\000u\000c\000t\000\040\000R\000e\000f\000e\000r\000e\000n\000c\000e}{chapter.3}% 54
\BOOKMARK [1][-]{section.3.38}{\376\377\0003\000.\0003\0008\000\040\000F\000t\000s\0005\000E\000x\000t\000e\000n\000s\000i\000o\000n\000A\000p\000i\000\040\000S\000t\000r\000u\000c\000t\000\040\000R\000e\000f\000e\000r\000e\000n\000c\000e}{chapter.3}% 55
\BOOKMARK [1][-]{section.3.39}{\376\377\0003\000.\0003\0009\000\040\000F\000t\000s\0005\000P\000h\000r\000a\000s\000e\000I\000t\000e\000r\000\040\000S\000t\000r\000u\000c\000t\000\040\000R\000e\000f\000e\000r\000e\000n\000c\000e}{chapter.3}% 56
\BOOKMARK [1][-]{section.3.40}{\376\377\0003\000.\0004\0000\000\040\000F\000u\000n\000c\000D\000e\000f\000\040\000S\000t\000r\000u\000c\000t\000\040\000R\000e\000f\000e\000r\000e\000n\000c\000e}{chapter.3}% 57
\BOOKMARK [1][-]{section.3.41}{\376\377\0003\000.\0004\0001\000\040\000F\000u\000n\000c\000D\000e\000f\000H\000a\000s\000h\000\040\000S\000t\000r\000u\000c\000t\000\040\000R\000e\000f\000e\000r\000e\000n\000c\000e}{chapter.3}% 58
\BOOKMARK [1][-]{section.3.42}{\376\377\0003\000.\0004\0002\000\040\000F\000u\000n\000c\000D\000e\000s\000t\000r\000u\000c\000t\000o\000r\000\040\000S\000t\000r\000u\000c\000t\000\040\000R\000e\000f\000e\000r\000e\000n\000c\000e}{chapter.3}% 59
\BOOKMARK [1][-]{section.3.43}{\376\377\0003\000.\0004\0003\000\040\000G\000e\000n\000e\000t\000i\000c\000\040\000C\000l\000a\000s\000s\000\040\000R\000e\000f\000e\000r\000e\000n\000c\000e}{chapter.3}% 60
\BOOKMARK [1][-]{section.3.44}{\376\377\0003\000.\0004\0004\000\040\000H\000a\000s\000h\000\040\000S\000t\000r\000u\000c\000t\000\040\000R\000e\000f\000e\000r\000e\000n\000c\000e}{chapter.3}% 61
\BOOKMARK [1][-]{section.3.45}{\376\377\0003\000.\0004\0005\000\040\000H\000a\000s\000h\000E\000l\000e\000m\000\040\000S\000t\000r\000u\000c\000t\000\040\000R\000e\000f\000e\000r\000e\000n\000c\000e}{chapter.3}% 62
\BOOKMARK [1][-]{section.3.46}{\376\377\0003\000.\0004\0006\000\040\000I\000d\000L\000i\000s\000t\000\040\000S\000t\000r\000u\000c\000t\000\040\000R\000e\000f\000e\000r\000e\000n\000c\000e}{chapter.3}% 63
\BOOKMARK [1][-]{section.3.47}{\376\377\0003\000.\0004\0007\000\040\000I\000d\000L\000i\000s\000t\000:\000:\000I\000d\000L\000i\000s\000t\000\137\000i\000t\000e\000m\000\040\000S\000t\000r\000u\000c\000t\000\040\000R\000e\000f\000e\000r\000e\000n\000c\000e}{chapter.3}% 64
\BOOKMARK [1][-]{section.3.48}{\376\377\0003\000.\0004\0008\000\040\000I\000d\000x\000C\000o\000v\000e\000r\000\040\000S\000t\000r\000u\000c\000t\000\040\000R\000e\000f\000e\000r\000e\000n\000c\000e}{chapter.3}% 65
\BOOKMARK [1][-]{section.3.49}{\376\377\0003\000.\0004\0009\000\040\000I\000m\000p\000o\000r\000t\000C\000t\000x\000\040\000S\000t\000r\000u\000c\000t\000\040\000R\000e\000f\000e\000r\000e\000n\000c\000e}{chapter.3}% 66
\BOOKMARK [1][-]{section.3.50}{\376\377\0003\000.\0005\0000\000\040\000I\000n\000c\000r\000b\000l\000o\000b\000\040\000S\000t\000r\000u\000c\000t\000\040\000R\000e\000f\000e\000r\000e\000n\000c\000e}{chapter.3}% 67
\BOOKMARK [1][-]{section.3.51}{\376\377\0003\000.\0005\0001\000\040\000I\000n\000c\000r\000M\000e\000r\000g\000e\000r\000\040\000S\000t\000r\000u\000c\000t\000\040\000R\000e\000f\000e\000r\000e\000n\000c\000e}{chapter.3}% 68
\BOOKMARK [1][-]{section.3.52}{\376\377\0003\000.\0005\0002\000\040\000I\000n\000d\000e\000x\000\040\000S\000t\000r\000u\000c\000t\000\040\000R\000e\000f\000e\000r\000e\000n\000c\000e}{chapter.3}% 69
\BOOKMARK [1][-]{section.3.53}{\376\377\0003\000.\0005\0003\000\040\000I\000n\000d\000e\000x\000S\000a\000m\000p\000l\000e\000\040\000S\000t\000r\000u\000c\000t\000\040\000R\000e\000f\000e\000r\000e\000n\000c\000e}{chapter.3}% 70
\BOOKMARK [1][-]{section.3.54}{\376\377\0003\000.\0005\0004\000\040\000I\000n\000i\000t\000D\000a\000t\000a\000\040\000S\000t\000r\000u\000c\000t\000\040\000R\000e\000f\000e\000r\000e\000n\000c\000e}{chapter.3}% 71
\BOOKMARK [1][-]{section.3.55}{\376\377\0003\000.\0005\0005\000\040\000I\000n\000t\000e\000g\000r\000i\000t\000y\000C\000k\000\040\000S\000t\000r\000u\000c\000t\000\040\000R\000e\000f\000e\000r\000e\000n\000c\000e}{chapter.3}% 72
\BOOKMARK [1][-]{section.3.56}{\376\377\0003\000.\0005\0006\000\040\000K\000e\000y\000I\000n\000f\000o\000\040\000S\000t\000r\000u\000c\000t\000\040\000R\000e\000f\000e\000r\000e\000n\000c\000e}{chapter.3}% 73
\BOOKMARK [1][-]{section.3.57}{\376\377\0003\000.\0005\0007\000\040\000L\000i\000m\000i\000t\000V\000a\000l\000\040\000S\000t\000r\000u\000c\000t\000\040\000R\000e\000f\000e\000r\000e\000n\000c\000e}{chapter.3}% 74
\BOOKMARK [1][-]{section.3.58}{\376\377\0003\000.\0005\0008\000\040\000L\000o\000o\000k\000a\000s\000i\000d\000e\000\040\000S\000t\000r\000u\000c\000t\000\040\000R\000e\000f\000e\000r\000e\000n\000c\000e}{chapter.3}% 75
\BOOKMARK [1][-]{section.3.59}{\376\377\0003\000.\0005\0009\000\040\000L\000o\000o\000k\000a\000s\000i\000d\000e\000S\000l\000o\000t\000\040\000S\000t\000r\000u\000c\000t\000\040\000R\000e\000f\000e\000r\000e\000n\000c\000e}{chapter.3}% 76
\BOOKMARK [1][-]{section.3.60}{\376\377\0003\000.\0006\0000\000\040\000M\000e\000m\000\040\000S\000t\000r\000u\000c\000t\000\040\000R\000e\000f\000e\000r\000e\000n\000c\000e}{chapter.3}% 77
\BOOKMARK [1][-]{section.3.61}{\376\377\0003\000.\0006\0001\000\040\000M\000e\000m\000J\000o\000u\000r\000n\000a\000l\000\040\000S\000t\000r\000u\000c\000t\000\040\000R\000e\000f\000e\000r\000e\000n\000c\000e}{chapter.3}% 78
\BOOKMARK [1][-]{section.3.62}{\376\377\0003\000.\0006\0002\000\040\000M\000e\000m\000P\000a\000g\000e\000\040\000S\000t\000r\000u\000c\000t\000\040\000R\000e\000f\000e\000r\000e\000n\000c\000e}{chapter.3}% 79
\BOOKMARK [1][-]{section.3.63}{\376\377\0003\000.\0006\0003\000\040\000M\000e\000m\000:\000:\000M\000e\000m\000V\000a\000l\000u\000e\000\040\000U\000n\000i\000o\000n\000\040\000R\000e\000f\000e\000r\000e\000n\000c\000e}{chapter.3}% 80
\BOOKMARK [1][-]{section.3.64}{\376\377\0003\000.\0006\0004\000\040\000M\000e\000r\000g\000e\000E\000n\000g\000i\000n\000e\000\040\000S\000t\000r\000u\000c\000t\000\040\000R\000e\000f\000e\000r\000e\000n\000c\000e}{chapter.3}% 81
\BOOKMARK [1][-]{section.3.65}{\376\377\0003\000.\0006\0005\000\040\000M\000o\000d\000u\000l\000e\000\040\000S\000t\000r\000u\000c\000t\000\040\000R\000e\000f\000e\000r\000e\000n\000c\000e}{chapter.3}% 82
\BOOKMARK [1][-]{section.3.66}{\376\377\0003\000.\0006\0006\000\040\000N\000a\000m\000e\000C\000o\000n\000t\000e\000x\000t\000\040\000S\000t\000r\000u\000c\000t\000\040\000R\000e\000f\000e\000r\000e\000n\000c\000e}{chapter.3}% 83
\BOOKMARK [1][-]{section.3.67}{\376\377\0003\000.\0006\0007\000\040\000V\000d\000b\000e\000O\000p\000:\000:\000p\0004\000u\000n\000i\000o\000n\000\040\000U\000n\000i\000o\000n\000\040\000R\000e\000f\000e\000r\000e\000n\000c\000e}{chapter.3}% 84
\BOOKMARK [1][-]{section.3.68}{\376\377\0003\000.\0006\0008\000\040\000P\000a\000c\000k\000a\000g\000e\000\040\000C\000l\000a\000s\000s\000\040\000R\000e\000f\000e\000r\000e\000n\000c\000e}{chapter.3}% 85
\BOOKMARK [2][-]{subsection.3.68.1}{\376\377\0003\000.\0006\0008\000.\0001\000\040\000D\000e\000t\000a\000i\000l\000e\000d\000\040\000D\000e\000s\000c\000r\000i\000p\000t\000i\000o\000n}{section.3.68}% 86
\BOOKMARK [2][-]{subsection.3.68.2}{\376\377\0003\000.\0006\0008\000.\0002\000\040\000C\000o\000n\000s\000t\000r\000u\000c\000t\000o\000r\000\040\000\046\000\040\000D\000e\000s\000t\000r\000u\000c\000t\000o\000r\000\040\000D\000o\000c\000u\000m\000e\000n\000t\000a\000t\000i\000o\000n}{section.3.68}% 87
\BOOKMARK [3][-]{subsubsection.3.68.2.1}{\376\377\0003\000.\0006\0008\000.\0002\000.\0001\000\040\000P\000a\000c\000k\000a\000g\000e\000\050\000C\000l\000i\000e\000n\000t\000\040\000*\000s\000,\000\040\000C\000l\000i\000e\000n\000t\000\040\000*\000r\000,\000\040\000c\000o\000n\000s\000t\000\040\000f\000l\000o\000a\000t\000\040\000w\000,\000\040\000c\000o\000n\000s\000t\000\040\000P\000r\000i\000o\000r\000i\000t\000y\000\040\000p\000\051}{subsection.3.68.2}% 88
\BOOKMARK [2][-]{subsection.3.68.3}{\376\377\0003\000.\0006\0008\000.\0003\000\040\000M\000e\000m\000b\000e\000r\000\040\000F\000u\000n\000c\000t\000i\000o\000n\000\040\000D\000o\000c\000u\000m\000e\000n\000t\000a\000t\000i\000o\000n}{section.3.68}% 89
\BOOKMARK [3][-]{subsubsection.3.68.3.1}{\376\377\0003\000.\0006\0008\000.\0003\000.\0001\000\040\000g\000e\000t\000P\000r\000i\000o\000r\000i\000t\000y\000\050\000\051\000\040\000c\000o\000n\000s\000t\000\040}{subsection.3.68.3}% 90
\BOOKMARK [3][-]{subsubsection.3.68.3.2}{\376\377\0003\000.\0006\0008\000.\0003\000.\0002\000\040\000g\000e\000t\000P\000r\000i\000o\000r\000i\000t\000y\000S\000t\000r\000i\000n\000g\000\050\000\051\000\040\000c\000o\000n\000s\000t\000\040}{subsection.3.68.3}% 91
\BOOKMARK [3][-]{subsubsection.3.68.3.3}{\376\377\0003\000.\0006\0008\000.\0003\000.\0003\000\040\000g\000e\000t\000R\000e\000c\000e\000i\000v\000e\000r\000\050\000\051\000\040\000c\000o\000n\000s\000t\000\040}{subsection.3.68.3}% 92
\BOOKMARK [3][-]{subsubsection.3.68.3.4}{\376\377\0003\000.\0006\0008\000.\0003\000.\0004\000\040\000g\000e\000t\000S\000e\000n\000d\000e\000r\000\050\000\051\000\040\000c\000o\000n\000s\000t\000\040}{subsection.3.68.3}% 93
\BOOKMARK [3][-]{subsubsection.3.68.3.5}{\376\377\0003\000.\0006\0008\000.\0003\000.\0005\000\040\000g\000e\000t\000W\000e\000i\000g\000h\000t\000\050\000\051\000\040\000c\000o\000n\000s\000t\000\040}{subsection.3.68.3}% 94
\BOOKMARK [3][-]{subsubsection.3.68.3.6}{\376\377\0003\000.\0006\0008\000.\0003\000.\0006\000\040\000s\000e\000t\000P\000r\000i\000o\000r\000i\000t\000y\000\050\000c\000o\000n\000s\000t\000\040\000P\000r\000i\000o\000r\000i\000t\000y\000\051}{subsection.3.68.3}% 95
\BOOKMARK [3][-]{subsubsection.3.68.3.7}{\376\377\0003\000.\0006\0008\000.\0003\000.\0007\000\040\000s\000e\000t\000R\000e\000c\000e\000i\000v\000e\000r\000\050\000C\000l\000i\000e\000n\000t\000\040\000*\000\051}{subsection.3.68.3}% 96
\BOOKMARK [3][-]{subsubsection.3.68.3.8}{\376\377\0003\000.\0006\0008\000.\0003\000.\0008\000\040\000s\000e\000t\000S\000e\000n\000d\000e\000r\000\050\000C\000l\000i\000e\000n\000t\000\040\000*\000\051}{subsection.3.68.3}% 97
\BOOKMARK [3][-]{subsubsection.3.68.3.9}{\376\377\0003\000.\0006\0008\000.\0003\000.\0009\000\040\000s\000e\000t\000W\000e\000i\000g\000h\000t\000\050\000c\000o\000n\000s\000t\000\040\000d\000o\000u\000b\000l\000e\000\051}{subsection.3.68.3}% 98
\BOOKMARK [1][-]{section.3.69}{\376\377\0003\000.\0006\0009\000\040\000P\000a\000g\000e\000r\000\040\000S\000t\000r\000u\000c\000t\000\040\000R\000e\000f\000e\000r\000e\000n\000c\000e}{chapter.3}% 99
\BOOKMARK [1][-]{section.3.70}{\376\377\0003\000.\0007\0000\000\040\000P\000a\000g\000e\000r\000S\000a\000v\000e\000p\000o\000i\000n\000t\000\040\000S\000t\000r\000u\000c\000t\000\040\000R\000e\000f\000e\000r\000e\000n\000c\000e}{chapter.3}% 100
\BOOKMARK [1][-]{section.3.71}{\376\377\0003\000.\0007\0001\000\040\000P\000a\000r\000s\000e\000\040\000S\000t\000r\000u\000c\000t\000\040\000R\000e\000f\000e\000r\000e\000n\000c\000e}{chapter.3}% 101
\BOOKMARK [1][-]{section.3.72}{\376\377\0003\000.\0007\0002\000\040\000P\000C\000a\000c\000h\000e\000\040\000S\000t\000r\000u\000c\000t\000\040\000R\000e\000f\000e\000r\000e\000n\000c\000e}{chapter.3}% 102
\BOOKMARK [1][-]{section.3.73}{\376\377\0003\000.\0007\0003\000\040\000P\000C\000a\000c\000h\000e\0001\000\040\000S\000t\000r\000u\000c\000t\000\040\000R\000e\000f\000e\000r\000e\000n\000c\000e}{chapter.3}% 103
\BOOKMARK [1][-]{section.3.74}{\376\377\0003\000.\0007\0004\000\040\000P\000g\000F\000r\000e\000e\000s\000l\000o\000t\000\040\000S\000t\000r\000u\000c\000t\000\040\000R\000e\000f\000e\000r\000e\000n\000c\000e}{chapter.3}% 104
\BOOKMARK [1][-]{section.3.75}{\376\377\0003\000.\0007\0005\000\040\000P\000g\000H\000d\000r\000\040\000S\000t\000r\000u\000c\000t\000\040\000R\000e\000f\000e\000r\000e\000n\000c\000e}{chapter.3}% 105
\BOOKMARK [1][-]{section.3.76}{\376\377\0003\000.\0007\0006\000\040\000P\000g\000H\000d\000r\0001\000\040\000S\000t\000r\000u\000c\000t\000\040\000R\000e\000f\000e\000r\000e\000n\000c\000e}{chapter.3}% 106
\BOOKMARK [1][-]{section.3.77}{\376\377\0003\000.\0007\0007\000\040\000P\000G\000r\000o\000u\000p\000\040\000S\000t\000r\000u\000c\000t\000\040\000R\000e\000f\000e\000r\000e\000n\000c\000e}{chapter.3}% 107
\BOOKMARK [1][-]{section.3.78}{\376\377\0003\000.\0007\0008\000\040\000P\000m\000a\000R\000e\000a\000d\000e\000r\000\040\000S\000t\000r\000u\000c\000t\000\040\000R\000e\000f\000e\000r\000e\000n\000c\000e}{chapter.3}% 108
\BOOKMARK [1][-]{section.3.79}{\376\377\0003\000.\0007\0009\000\040\000P\000m\000a\000W\000r\000i\000t\000e\000r\000\040\000S\000t\000r\000u\000c\000t\000\040\000R\000e\000f\000e\000r\000e\000n\000c\000e}{chapter.3}% 109
\BOOKMARK [1][-]{section.3.80}{\376\377\0003\000.\0008\0000\000\040\000P\000r\000e\000U\000p\000d\000a\000t\000e\000\040\000S\000t\000r\000u\000c\000t\000\040\000R\000e\000f\000e\000r\000e\000n\000c\000e}{chapter.3}% 110
\BOOKMARK [1][-]{section.3.81}{\376\377\0003\000.\0008\0001\000\040\000P\000r\000i\000n\000t\000f\000A\000r\000g\000u\000m\000e\000n\000t\000s\000\040\000S\000t\000r\000u\000c\000t\000\040\000R\000e\000f\000e\000r\000e\000n\000c\000e}{chapter.3}% 111
\BOOKMARK [1][-]{section.3.82}{\376\377\0003\000.\0008\0002\000\040\000r\000a\000n\000d\000o\000m\000P\000a\000c\000k\000a\000g\000e\000E\000n\000u\000m\000\040\000S\000t\000r\000u\000c\000t\000\040\000R\000e\000f\000e\000r\000e\000n\000c\000e}{chapter.3}% 112
\BOOKMARK [1][-]{section.3.83}{\376\377\0003\000.\0008\0003\000\040\000R\000e\000u\000s\000a\000b\000l\000e\000S\000p\000a\000c\000e\000\040\000S\000t\000r\000u\000c\000t\000\040\000R\000e\000f\000e\000r\000e\000n\000c\000e}{chapter.3}% 113
\BOOKMARK [1][-]{section.3.84}{\376\377\0003\000.\0008\0004\000\040\000R\000o\000w\000S\000e\000t\000\040\000S\000t\000r\000u\000c\000t\000\040\000R\000e\000f\000e\000r\000e\000n\000c\000e}{chapter.3}% 114
\BOOKMARK [1][-]{section.3.85}{\376\377\0003\000.\0008\0005\000\040\000R\000o\000w\000S\000e\000t\000C\000h\000u\000n\000k\000\040\000S\000t\000r\000u\000c\000t\000\040\000R\000e\000f\000e\000r\000e\000n\000c\000e}{chapter.3}% 115
\BOOKMARK [1][-]{section.3.86}{\376\377\0003\000.\0008\0006\000\040\000R\000o\000w\000S\000e\000t\000E\000n\000t\000r\000y\000\040\000S\000t\000r\000u\000c\000t\000\040\000R\000e\000f\000e\000r\000e\000n\000c\000e}{chapter.3}% 116
\BOOKMARK [1][-]{section.3.87}{\376\377\0003\000.\0008\0007\000\040\000S\000a\000v\000e\000d\000M\000o\000d\000e\000I\000n\000f\000o\000\040\000S\000t\000r\000u\000c\000t\000\040\000R\000e\000f\000e\000r\000e\000n\000c\000e}{chapter.3}% 117
\BOOKMARK [1][-]{section.3.88}{\376\377\0003\000.\0008\0008\000\040\000S\000a\000v\000e\000p\000o\000i\000n\000t\000\040\000S\000t\000r\000u\000c\000t\000\040\000R\000e\000f\000e\000r\000e\000n\000c\000e}{chapter.3}% 118
\BOOKMARK [1][-]{section.3.89}{\376\377\0003\000.\0008\0009\000\040\000S\000c\000a\000n\000S\000t\000a\000t\000u\000s\000\040\000S\000t\000r\000u\000c\000t\000\040\000R\000e\000f\000e\000r\000e\000n\000c\000e}{chapter.3}% 119
\BOOKMARK [1][-]{section.3.90}{\376\377\0003\000.\0009\0000\000\040\000S\000c\000h\000e\000m\000a\000\040\000S\000t\000r\000u\000c\000t\000\040\000R\000e\000f\000e\000r\000e\000n\000c\000e}{chapter.3}% 120
\BOOKMARK [1][-]{section.3.91}{\376\377\0003\000.\0009\0001\000\040\000F\000K\000e\000y\000:\000:\000s\000C\000o\000l\000M\000a\000p\000\040\000S\000t\000r\000u\000c\000t\000\040\000R\000e\000f\000e\000r\000e\000n\000c\000e}{chapter.3}% 121
\BOOKMARK [1][-]{section.3.92}{\376\377\0003\000.\0009\0002\000\040\000S\000c\000r\000a\000t\000c\000h\000F\000r\000e\000e\000s\000l\000o\000t\000\040\000S\000t\000r\000u\000c\000t\000\040\000R\000e\000f\000e\000r\000e\000n\000c\000e}{chapter.3}% 122
\BOOKMARK [1][-]{section.3.93}{\376\377\0003\000.\0009\0003\000\040\000S\000e\000l\000e\000c\000t\000\040\000S\000t\000r\000u\000c\000t\000\040\000R\000e\000f\000e\000r\000e\000n\000c\000e}{chapter.3}% 123
\BOOKMARK [1][-]{section.3.94}{\376\377\0003\000.\0009\0004\000\040\000S\000e\000l\000e\000c\000t\000D\000e\000s\000t\000\040\000S\000t\000r\000u\000c\000t\000\040\000R\000e\000f\000e\000r\000e\000n\000c\000e}{chapter.3}% 124
\BOOKMARK [1][-]{section.3.95}{\376\377\0003\000.\0009\0005\000\040\000S\000h\000e\000l\000l\000S\000t\000a\000t\000e\000\040\000S\000t\000r\000u\000c\000t\000\040\000R\000e\000f\000e\000r\000e\000n\000c\000e}{chapter.3}% 125
\BOOKMARK [1][-]{section.3.96}{\376\377\0003\000.\0009\0006\000\040\000S\000o\000r\000t\000C\000t\000x\000\040\000S\000t\000r\000u\000c\000t\000\040\000R\000e\000f\000e\000r\000e\000n\000c\000e}{chapter.3}% 126
\BOOKMARK [1][-]{section.3.97}{\376\377\0003\000.\0009\0007\000\040\000S\000o\000r\000t\000e\000r\000F\000i\000l\000e\000\040\000S\000t\000r\000u\000c\000t\000\040\000R\000e\000f\000e\000r\000e\000n\000c\000e}{chapter.3}% 127
\BOOKMARK [1][-]{section.3.98}{\376\377\0003\000.\0009\0008\000\040\000S\000o\000r\000t\000e\000r\000L\000i\000s\000t\000\040\000S\000t\000r\000u\000c\000t\000\040\000R\000e\000f\000e\000r\000e\000n\000c\000e}{chapter.3}% 128
\BOOKMARK [1][-]{section.3.99}{\376\377\0003\000.\0009\0009\000\040\000S\000o\000r\000t\000e\000r\000R\000e\000c\000o\000r\000d\000\040\000S\000t\000r\000u\000c\000t\000\040\000R\000e\000f\000e\000r\000e\000n\000c\000e}{chapter.3}% 129
\BOOKMARK [1][-]{section.3.100}{\376\377\0003\000.\0001\0000\0000\000\040\000S\000o\000r\000t\000S\000u\000b\000t\000a\000s\000k\000\040\000S\000t\000r\000u\000c\000t\000\040\000R\000e\000f\000e\000r\000e\000n\000c\000e}{chapter.3}% 130
\BOOKMARK [1][-]{section.3.101}{\376\377\0003\000.\0001\0000\0001\000\040\000s\000q\000l\000i\000t\000e\0003\000\040\000S\000t\000r\000u\000c\000t\000\040\000R\000e\000f\000e\000r\000e\000n\000c\000e}{chapter.3}% 131
\BOOKMARK [1][-]{section.3.102}{\376\377\0003\000.\0001\0000\0002\000\040\000s\000q\000l\000i\000t\000e\0003\000\137\000a\000p\000i\000\137\000r\000o\000u\000t\000i\000n\000e\000s\000\040\000S\000t\000r\000u\000c\000t\000\040\000R\000e\000f\000e\000r\000e\000n\000c\000e}{chapter.3}% 132
\BOOKMARK [1][-]{section.3.103}{\376\377\0003\000.\0001\0000\0003\000\040\000s\000q\000l\000i\000t\000e\0003\000\137\000b\000a\000c\000k\000u\000p\000\040\000S\000t\000r\000u\000c\000t\000\040\000R\000e\000f\000e\000r\000e\000n\000c\000e}{chapter.3}% 133
\BOOKMARK [1][-]{section.3.104}{\376\377\0003\000.\0001\0000\0004\000\040\000s\000q\000l\000i\000t\000e\0003\000\137\000c\000o\000n\000t\000e\000x\000t\000\040\000S\000t\000r\000u\000c\000t\000\040\000R\000e\000f\000e\000r\000e\000n\000c\000e}{chapter.3}% 134
\BOOKMARK [1][-]{section.3.105}{\376\377\0003\000.\0001\0000\0005\000\040\000s\000q\000l\000i\000t\000e\0003\000\137\000f\000i\000l\000e\000\040\000S\000t\000r\000u\000c\000t\000\040\000R\000e\000f\000e\000r\000e\000n\000c\000e}{chapter.3}% 135
\BOOKMARK [1][-]{section.3.106}{\376\377\0003\000.\0001\0000\0006\000\040\000s\000q\000l\000i\000t\000e\0003\000\137\000i\000n\000d\000e\000x\000\137\000i\000n\000f\000o\000:\000:\000s\000q\000l\000i\000t\000e\0003\000\137\000i\000n\000d\000e\000x\000\137\000c\000o\000n\000s\000t\000r\000a\000i\000n\000t\000\040\000S\000t\000r\000u\000c\000t\000\040\000R\000e\000f\000e\000r\000e\000n\000c\000e}{chapter.3}% 136
\BOOKMARK [1][-]{section.3.107}{\376\377\0003\000.\0001\0000\0007\000\040\000s\000q\000l\000i\000t\000e\0003\000\137\000i\000n\000d\000e\000x\000\137\000i\000n\000f\000o\000:\000:\000s\000q\000l\000i\000t\000e\0003\000\137\000i\000n\000d\000e\000x\000\137\000c\000o\000n\000s\000t\000r\000a\000i\000n\000t\000\137\000u\000s\000a\000g\000e\000\040\000S\000t\000r\000u\000c\000t\000\040\000R\000e\000f\000e\000r\000e\000n\000c\000e}{chapter.3}% 137
\BOOKMARK [1][-]{section.3.108}{\376\377\0003\000.\0001\0000\0008\000\040\000s\000q\000l\000i\000t\000e\0003\000\137\000i\000n\000d\000e\000x\000\137\000i\000n\000f\000o\000\040\000S\000t\000r\000u\000c\000t\000\040\000R\000e\000f\000e\000r\000e\000n\000c\000e}{chapter.3}% 138
\BOOKMARK [1][-]{section.3.109}{\376\377\0003\000.\0001\0000\0009\000\040\000s\000q\000l\000i\000t\000e\0003\000\137\000i\000n\000d\000e\000x\000\137\000i\000n\000f\000o\000:\000:\000s\000q\000l\000i\000t\000e\0003\000\137\000i\000n\000d\000e\000x\000\137\000o\000r\000d\000e\000r\000b\000y\000\040\000S\000t\000r\000u\000c\000t\000\040\000R\000e\000f\000e\000r\000e\000n\000c\000e}{chapter.3}% 139
\BOOKMARK [1][-]{section.3.110}{\376\377\0003\000.\0001\0001\0000\000\040\000s\000q\000l\000i\000t\000e\0003\000\137\000i\000o\000\137\000m\000e\000t\000h\000o\000d\000s\000\040\000S\000t\000r\000u\000c\000t\000\040\000R\000e\000f\000e\000r\000e\000n\000c\000e}{chapter.3}% 140
\BOOKMARK [1][-]{section.3.111}{\376\377\0003\000.\0001\0001\0001\000\040\000s\000q\000l\000i\000t\000e\0003\000\137\000m\000e\000m\000\137\000m\000e\000t\000h\000o\000d\000s\000\040\000S\000t\000r\000u\000c\000t\000\040\000R\000e\000f\000e\000r\000e\000n\000c\000e}{chapter.3}% 141
\BOOKMARK [1][-]{section.3.112}{\376\377\0003\000.\0001\0001\0002\000\040\000s\000q\000l\000i\000t\000e\0003\000\137\000m\000o\000d\000u\000l\000e\000\040\000S\000t\000r\000u\000c\000t\000\040\000R\000e\000f\000e\000r\000e\000n\000c\000e}{chapter.3}% 142
\BOOKMARK [1][-]{section.3.113}{\376\377\0003\000.\0001\0001\0003\000\040\000s\000q\000l\000i\000t\000e\0003\000\137\000m\000u\000t\000e\000x\000\040\000S\000t\000r\000u\000c\000t\000\040\000R\000e\000f\000e\000r\000e\000n\000c\000e}{chapter.3}% 143
\BOOKMARK [1][-]{section.3.114}{\376\377\0003\000.\0001\0001\0004\000\040\000s\000q\000l\000i\000t\000e\0003\000\137\000m\000u\000t\000e\000x\000\137\000m\000e\000t\000h\000o\000d\000s\000\040\000S\000t\000r\000u\000c\000t\000\040\000R\000e\000f\000e\000r\000e\000n\000c\000e}{chapter.3}% 144
\BOOKMARK [1][-]{section.3.115}{\376\377\0003\000.\0001\0001\0005\000\040\000s\000q\000l\000i\000t\000e\0003\000\137\000p\000c\000a\000c\000h\000e\000\137\000m\000e\000t\000h\000o\000d\000s\000\040\000S\000t\000r\000u\000c\000t\000\040\000R\000e\000f\000e\000r\000e\000n\000c\000e}{chapter.3}% 145
\BOOKMARK [1][-]{section.3.116}{\376\377\0003\000.\0001\0001\0006\000\040\000s\000q\000l\000i\000t\000e\0003\000\137\000p\000c\000a\000c\000h\000e\000\137\000m\000e\000t\000h\000o\000d\000s\0002\000\040\000S\000t\000r\000u\000c\000t\000\040\000R\000e\000f\000e\000r\000e\000n\000c\000e}{chapter.3}% 146
\BOOKMARK [1][-]{section.3.117}{\376\377\0003\000.\0001\0001\0007\000\040\000s\000q\000l\000i\000t\000e\0003\000\137\000p\000c\000a\000c\000h\000e\000\137\000p\000a\000g\000e\000\040\000S\000t\000r\000u\000c\000t\000\040\000R\000e\000f\000e\000r\000e\000n\000c\000e}{chapter.3}% 147
\BOOKMARK [1][-]{section.3.118}{\376\377\0003\000.\0001\0001\0008\000\040\000s\000q\000l\000i\000t\000e\0003\000\137\000r\000t\000r\000e\000e\000\137\000g\000e\000o\000m\000e\000t\000r\000y\000\040\000S\000t\000r\000u\000c\000t\000\040\000R\000e\000f\000e\000r\000e\000n\000c\000e}{chapter.3}% 148
\BOOKMARK [1][-]{section.3.119}{\376\377\0003\000.\0001\0001\0009\000\040\000s\000q\000l\000i\000t\000e\0003\000\137\000r\000t\000r\000e\000e\000\137\000q\000u\000e\000r\000y\000\137\000i\000n\000f\000o\000\040\000S\000t\000r\000u\000c\000t\000\040\000R\000e\000f\000e\000r\000e\000n\000c\000e}{chapter.3}% 149
\BOOKMARK [1][-]{section.3.120}{\376\377\0003\000.\0001\0002\0000\000\040\000s\000q\000l\000i\000t\000e\0003\000\137\000v\000f\000s\000\040\000S\000t\000r\000u\000c\000t\000\040\000R\000e\000f\000e\000r\000e\000n\000c\000e}{chapter.3}% 150
\BOOKMARK [1][-]{section.3.121}{\376\377\0003\000.\0001\0002\0001\000\040\000s\000q\000l\000i\000t\000e\0003\000\137\000v\000t\000a\000b\000\040\000S\000t\000r\000u\000c\000t\000\040\000R\000e\000f\000e\000r\000e\000n\000c\000e}{chapter.3}% 151
\BOOKMARK [1][-]{section.3.122}{\376\377\0003\000.\0001\0002\0002\000\040\000s\000q\000l\000i\000t\000e\0003\000\137\000v\000t\000a\000b\000\137\000c\000u\000r\000s\000o\000r\000\040\000S\000t\000r\000u\000c\000t\000\040\000R\000e\000f\000e\000r\000e\000n\000c\000e}{chapter.3}% 152
\BOOKMARK [1][-]{section.3.123}{\376\377\0003\000.\0001\0002\0003\000\040\000S\000q\000l\000i\000t\000e\0003\000C\000o\000n\000f\000i\000g\000\040\000S\000t\000r\000u\000c\000t\000\040\000R\000e\000f\000e\000r\000e\000n\000c\000e}{chapter.3}% 153
\BOOKMARK [1][-]{section.3.124}{\376\377\0003\000.\0001\0002\0004\000\040\000s\000q\000l\000i\000t\000e\0003\000:\000:\000s\000q\000l\000i\000t\000e\0003\000I\000n\000i\000t\000I\000n\000f\000o\000\040\000S\000t\000r\000u\000c\000t\000\040\000R\000e\000f\000e\000r\000e\000n\000c\000e}{chapter.3}% 154
\BOOKMARK [1][-]{section.3.125}{\376\377\0003\000.\0001\0002\0005\000\040\000S\000Q\000L\000i\000t\000e\000T\000h\000r\000e\000a\000d\000\040\000S\000t\000r\000u\000c\000t\000\040\000R\000e\000f\000e\000r\000e\000n\000c\000e}{chapter.3}% 155
\BOOKMARK [1][-]{section.3.126}{\376\377\0003\000.\0001\0002\0006\000\040\000S\000r\000c\000C\000o\000u\000n\000t\000\040\000S\000t\000r\000u\000c\000t\000\040\000R\000e\000f\000e\000r\000e\000n\000c\000e}{chapter.3}% 156
\BOOKMARK [1][-]{section.3.127}{\376\377\0003\000.\0001\0002\0007\000\040\000S\000r\000c\000L\000i\000s\000t\000\040\000S\000t\000r\000u\000c\000t\000\040\000R\000e\000f\000e\000r\000e\000n\000c\000e}{chapter.3}% 157
\BOOKMARK [1][-]{section.3.128}{\376\377\0003\000.\0001\0002\0008\000\040\000S\000r\000c\000L\000i\000s\000t\000:\000:\000S\000r\000c\000L\000i\000s\000t\000\137\000i\000t\000e\000m\000\040\000S\000t\000r\000u\000c\000t\000\040\000R\000e\000f\000e\000r\000e\000n\000c\000e}{chapter.3}% 158
\BOOKMARK [1][-]{section.3.129}{\376\377\0003\000.\0001\0002\0009\000\040\000S\000t\000a\000t\0004\000A\000c\000c\000u\000m\000\040\000S\000t\000r\000u\000c\000t\000\040\000R\000e\000f\000e\000r\000e\000n\000c\000e}{chapter.3}% 159
\BOOKMARK [1][-]{section.3.130}{\376\377\0003\000.\0001\0003\0000\000\040\000S\000t\000a\000t\0004\000S\000a\000m\000p\000l\000e\000\040\000S\000t\000r\000u\000c\000t\000\040\000R\000e\000f\000e\000r\000e\000n\000c\000e}{chapter.3}% 160
\BOOKMARK [1][-]{section.3.131}{\376\377\0003\000.\0001\0003\0001\000\040\000S\000t\000r\000A\000c\000c\000u\000m\000\040\000S\000t\000r\000u\000c\000t\000\040\000R\000e\000f\000e\000r\000e\000n\000c\000e}{chapter.3}% 161
\BOOKMARK [1][-]{section.3.132}{\376\377\0003\000.\0001\0003\0002\000\040\000S\000u\000b\000P\000r\000o\000g\000r\000a\000m\000\040\000S\000t\000r\000u\000c\000t\000\040\000R\000e\000f\000e\000r\000e\000n\000c\000e}{chapter.3}% 162
\BOOKMARK [1][-]{section.3.133}{\376\377\0003\000.\0001\0003\0003\000\040\000S\000u\000m\000C\000t\000x\000\040\000S\000t\000r\000u\000c\000t\000\040\000R\000e\000f\000e\000r\000e\000n\000c\000e}{chapter.3}% 163
\BOOKMARK [1][-]{section.3.134}{\376\377\0003\000.\0001\0003\0004\000\040\000T\000a\000b\000l\000e\000\040\000S\000t\000r\000u\000c\000t\000\040\000R\000e\000f\000e\000r\000e\000n\000c\000e}{chapter.3}% 164
\BOOKMARK [1][-]{section.3.135}{\376\377\0003\000.\0001\0003\0005\000\040\000T\000a\000b\000l\000e\000L\000o\000c\000k\000\040\000S\000t\000r\000u\000c\000t\000\040\000R\000e\000f\000e\000r\000e\000n\000c\000e}{chapter.3}% 165
\BOOKMARK [1][-]{section.3.136}{\376\377\0003\000.\0001\0003\0006\000\040\000T\000a\000b\000R\000e\000s\000u\000l\000t\000\040\000S\000t\000r\000u\000c\000t\000\040\000R\000e\000f\000e\000r\000e\000n\000c\000e}{chapter.3}% 166
\BOOKMARK [1][-]{section.3.137}{\376\377\0003\000.\0001\0003\0007\000\040\000T\000o\000k\000e\000n\000\040\000S\000t\000r\000u\000c\000t\000\040\000R\000e\000f\000e\000r\000e\000n\000c\000e}{chapter.3}% 167
\BOOKMARK [1][-]{section.3.138}{\376\377\0003\000.\0001\0003\0008\000\040\000T\000r\000i\000g\000E\000v\000e\000n\000t\000\040\000S\000t\000r\000u\000c\000t\000\040\000R\000e\000f\000e\000r\000e\000n\000c\000e}{chapter.3}% 168
\BOOKMARK [1][-]{section.3.139}{\376\377\0003\000.\0001\0003\0009\000\040\000T\000r\000i\000g\000g\000e\000r\000\040\000S\000t\000r\000u\000c\000t\000\040\000R\000e\000f\000e\000r\000e\000n\000c\000e}{chapter.3}% 169
\BOOKMARK [1][-]{section.3.140}{\376\377\0003\000.\0001\0004\0000\000\040\000T\000r\000i\000g\000g\000e\000r\000P\000r\000g\000\040\000S\000t\000r\000u\000c\000t\000\040\000R\000e\000f\000e\000r\000e\000n\000c\000e}{chapter.3}% 170
\BOOKMARK [1][-]{section.3.141}{\376\377\0003\000.\0001\0004\0001\000\040\000T\000r\000i\000g\000g\000e\000r\000S\000t\000e\000p\000\040\000S\000t\000r\000u\000c\000t\000\040\000R\000e\000f\000e\000r\000e\000n\000c\000e}{chapter.3}% 171
\BOOKMARK [1][-]{section.3.142}{\376\377\0003\000.\0001\0004\0002\000\040\000T\000r\000u\000c\000k\000\040\000C\000l\000a\000s\000s\000\040\000R\000e\000f\000e\000r\000e\000n\000c\000e}{chapter.3}% 172
\BOOKMARK [2][-]{subsection.3.142.1}{\376\377\0003\000.\0001\0004\0002\000.\0001\000\040\000D\000e\000t\000a\000i\000l\000e\000d\000\040\000D\000e\000s\000c\000r\000i\000p\000t\000i\000o\000n}{section.3.142}% 173
\BOOKMARK [2][-]{subsection.3.142.2}{\376\377\0003\000.\0001\0004\0002\000.\0002\000\040\000C\000o\000n\000s\000t\000r\000u\000c\000t\000o\000r\000\040\000\046\000\040\000D\000e\000s\000t\000r\000u\000c\000t\000o\000r\000\040\000D\000o\000c\000u\000m\000e\000n\000t\000a\000t\000i\000o\000n}{section.3.142}% 174
\BOOKMARK [3][-]{subsubsection.3.142.2.1}{\376\377\0003\000.\0001\0004\0002\000.\0002\000.\0001\000\040\000T\000r\000u\000c\000k\000\050\000c\000o\000n\000s\000t\000\040\000d\000o\000u\000b\000l\000e\000\051}{subsection.3.142.2}% 175
\BOOKMARK [2][-]{subsection.3.142.3}{\376\377\0003\000.\0001\0004\0002\000.\0003\000\040\000M\000e\000m\000b\000e\000r\000\040\000F\000u\000n\000c\000t\000i\000o\000n\000\040\000D\000o\000c\000u\000m\000e\000n\000t\000a\000t\000i\000o\000n}{section.3.142}% 176
\BOOKMARK [3][-]{subsubsection.3.142.3.1}{\376\377\0003\000.\0001\0004\0002\000.\0003\000.\0001\000\040\000a\000d\000d\000P\000a\000c\000k\000a\000g\000e\000\050\000P\000a\000c\000k\000a\000g\000e\000\040\000*\000\051}{subsection.3.142.3}% 177
\BOOKMARK [3][-]{subsubsection.3.142.3.2}{\376\377\0003\000.\0001\0004\0002\000.\0003\000.\0002\000\040\000d\000e\000l\000i\000v\000e\000r\000P\000a\000c\000k\000a\000g\000e\000\050\000P\000a\000c\000k\000a\000g\000e\000\040\000*\000p\000a\000c\000k\000\051}{subsection.3.142.3}% 178
\BOOKMARK [3][-]{subsubsection.3.142.3.3}{\376\377\0003\000.\0001\0004\0002\000.\0003\000.\0003\000\040\000g\000e\000t\000D\000i\000r\000e\000c\000t\000i\000o\000n\000s\000\050\000\051\000\040\000c\000o\000n\000s\000t\000\040}{subsection.3.142.3}% 179
\BOOKMARK [3][-]{subsubsection.3.142.3.4}{\376\377\0003\000.\0001\0004\0002\000.\0003\000.\0004\000\040\000g\000e\000t\000P\000a\000c\000k\000a\000g\000e\000s\000\050\000\051\000\040\000c\000o\000n\000s\000t\000\040}{subsection.3.142.3}% 180
\BOOKMARK [3][-]{subsubsection.3.142.3.5}{\376\377\0003\000.\0001\0004\0002\000.\0003\000.\0005\000\040\000g\000e\000t\000T\000r\000u\000c\000k\000I\000D\000\050\000\051\000\040\000c\000o\000n\000s\000t\000\040}{subsection.3.142.3}% 181
\BOOKMARK [3][-]{subsubsection.3.142.3.6}{\376\377\0003\000.\0001\0004\0002\000.\0003\000.\0006\000\040\000g\000e\000t\000W\000e\000i\000g\000h\000t\000\050\000\051\000\040\000c\000o\000n\000s\000t\000\040}{subsection.3.142.3}% 182
\BOOKMARK [3][-]{subsubsection.3.142.3.7}{\376\377\0003\000.\0001\0004\0002\000.\0003\000.\0007\000\040\000s\000e\000t\000D\000i\000r\000e\000c\000t\000i\000o\000n\000s\000\050\000v\000e\000c\000t\000o\000r\000<\000\040\000s\000t\000r\000i\000n\000g\000\040\000*\000\040\000>\000\051}{subsection.3.142.3}% 183
\BOOKMARK [3][-]{subsubsection.3.142.3.8}{\376\377\0003\000.\0001\0004\0002\000.\0003\000.\0008\000\040\000t\000o\000S\000t\000r\000i\000n\000g\000\050\000\051\000\040\000c\000o\000n\000s\000t\000\040}{subsection.3.142.3}% 184
\BOOKMARK [2][-]{subsection.3.142.4}{\376\377\0003\000.\0001\0004\0002\000.\0004\000\040\000M\000e\000m\000b\000e\000r\000\040\000D\000a\000t\000a\000\040\000D\000o\000c\000u\000m\000e\000n\000t\000a\000t\000i\000o\000n}{section.3.142}% 185
\BOOKMARK [3][-]{subsubsection.3.142.4.1}{\376\377\0003\000.\0001\0004\0002\000.\0004\000.\0001\000\040\000t\000r\000u\000c\000k\000C\000o\000u\000n\000t}{subsection.3.142.4}% 186
\BOOKMARK [1][-]{section.3.143}{\376\377\0003\000.\0001\0004\0003\000\040\000u\000n\000i\000x\000F\000i\000l\000e\000\040\000S\000t\000r\000u\000c\000t\000\040\000R\000e\000f\000e\000r\000e\000n\000c\000e}{chapter.3}% 187
\BOOKMARK [1][-]{section.3.144}{\376\377\0003\000.\0001\0004\0004\000\040\000u\000n\000i\000x\000F\000i\000l\000e\000I\000d\000\040\000S\000t\000r\000u\000c\000t\000\040\000R\000e\000f\000e\000r\000e\000n\000c\000e}{chapter.3}% 188
\BOOKMARK [1][-]{section.3.145}{\376\377\0003\000.\0001\0004\0005\000\040\000u\000n\000i\000x\000I\000n\000o\000d\000e\000I\000n\000f\000o\000\040\000S\000t\000r\000u\000c\000t\000\040\000R\000e\000f\000e\000r\000e\000n\000c\000e}{chapter.3}% 189
\BOOKMARK [1][-]{section.3.146}{\376\377\0003\000.\0001\0004\0006\000\040\000u\000n\000i\000x\000S\000h\000m\000\040\000S\000t\000r\000u\000c\000t\000\040\000R\000e\000f\000e\000r\000e\000n\000c\000e}{chapter.3}% 190
\BOOKMARK [1][-]{section.3.147}{\376\377\0003\000.\0001\0004\0007\000\040\000u\000n\000i\000x\000S\000h\000m\000N\000o\000d\000e\000\040\000S\000t\000r\000u\000c\000t\000\040\000R\000e\000f\000e\000r\000e\000n\000c\000e}{chapter.3}% 191
\BOOKMARK [1][-]{section.3.148}{\376\377\0003\000.\0001\0004\0008\000\040\000U\000n\000i\000x\000U\000n\000u\000s\000e\000d\000F\000d\000\040\000S\000t\000r\000u\000c\000t\000\040\000R\000e\000f\000e\000r\000e\000n\000c\000e}{chapter.3}% 192
\BOOKMARK [1][-]{section.3.149}{\376\377\0003\000.\0001\0004\0009\000\040\000U\000n\000p\000a\000c\000k\000e\000d\000R\000e\000c\000o\000r\000d\000\040\000S\000t\000r\000u\000c\000t\000\040\000R\000e\000f\000e\000r\000e\000n\000c\000e}{chapter.3}% 193
\BOOKMARK [1][-]{section.3.150}{\376\377\0003\000.\0001\0005\0000\000\040\000V\000a\000l\000u\000e\000N\000e\000w\000S\000t\000a\000t\0004\000C\000t\000x\000\040\000S\000t\000r\000u\000c\000t\000\040\000R\000e\000f\000e\000r\000e\000n\000c\000e}{chapter.3}% 194
\BOOKMARK [1][-]{section.3.151}{\376\377\0003\000.\0001\0005\0001\000\040\000V\000d\000b\000e\000\040\000S\000t\000r\000u\000c\000t\000\040\000R\000e\000f\000e\000r\000e\000n\000c\000e}{chapter.3}% 195
\BOOKMARK [1][-]{section.3.152}{\376\377\0003\000.\0001\0005\0002\000\040\000V\000d\000b\000e\000C\000u\000r\000s\000o\000r\000\040\000S\000t\000r\000u\000c\000t\000\040\000R\000e\000f\000e\000r\000e\000n\000c\000e}{chapter.3}% 196
\BOOKMARK [1][-]{section.3.153}{\376\377\0003\000.\0001\0005\0003\000\040\000V\000d\000b\000e\000F\000r\000a\000m\000e\000\040\000S\000t\000r\000u\000c\000t\000\040\000R\000e\000f\000e\000r\000e\000n\000c\000e}{chapter.3}% 197
\BOOKMARK [1][-]{section.3.154}{\376\377\0003\000.\0001\0005\0004\000\040\000V\000d\000b\000e\000O\000p\000\040\000S\000t\000r\000u\000c\000t\000\040\000R\000e\000f\000e\000r\000e\000n\000c\000e}{chapter.3}% 198
\BOOKMARK [1][-]{section.3.155}{\376\377\0003\000.\0001\0005\0005\000\040\000V\000d\000b\000e\000O\000p\000L\000i\000s\000t\000\040\000S\000t\000r\000u\000c\000t\000\040\000R\000e\000f\000e\000r\000e\000n\000c\000e}{chapter.3}% 199
\BOOKMARK [1][-]{section.3.156}{\376\377\0003\000.\0001\0005\0006\000\040\000V\000d\000b\000e\000S\000o\000r\000t\000e\000r\000\040\000S\000t\000r\000u\000c\000t\000\040\000R\000e\000f\000e\000r\000e\000n\000c\000e}{chapter.3}% 200
\BOOKMARK [1][-]{section.3.157}{\376\377\0003\000.\0001\0005\0007\000\040\000V\000t\000a\000b\000C\000t\000x\000\040\000S\000t\000r\000u\000c\000t\000\040\000R\000e\000f\000e\000r\000e\000n\000c\000e}{chapter.3}% 201
\BOOKMARK [1][-]{section.3.158}{\376\377\0003\000.\0001\0005\0008\000\040\000V\000T\000a\000b\000l\000e\000\040\000S\000t\000r\000u\000c\000t\000\040\000R\000e\000f\000e\000r\000e\000n\000c\000e}{chapter.3}% 202
\BOOKMARK [1][-]{section.3.159}{\376\377\0003\000.\0001\0005\0009\000\040\000v\000x\000w\000o\000r\000k\000s\000F\000i\000l\000e\000I\000d\000\040\000S\000t\000r\000u\000c\000t\000\040\000R\000e\000f\000e\000r\000e\000n\000c\000e}{chapter.3}% 203
\BOOKMARK [1][-]{section.3.160}{\376\377\0003\000.\0001\0006\0000\000\040\000W\000a\000l\000\040\000S\000t\000r\000u\000c\000t\000\040\000R\000e\000f\000e\000r\000e\000n\000c\000e}{chapter.3}% 204
\BOOKMARK [1][-]{section.3.161}{\376\377\0003\000.\0001\0006\0001\000\040\000W\000a\000l\000C\000k\000p\000t\000I\000n\000f\000o\000\040\000S\000t\000r\000u\000c\000t\000\040\000R\000e\000f\000e\000r\000e\000n\000c\000e}{chapter.3}% 205
\BOOKMARK [1][-]{section.3.162}{\376\377\0003\000.\0001\0006\0002\000\040\000W\000a\000l\000I\000n\000d\000e\000x\000H\000d\000r\000\040\000S\000t\000r\000u\000c\000t\000\040\000R\000e\000f\000e\000r\000e\000n\000c\000e}{chapter.3}% 206
\BOOKMARK [1][-]{section.3.163}{\376\377\0003\000.\0001\0006\0003\000\040\000W\000a\000l\000I\000t\000e\000r\000a\000t\000o\000r\000\040\000S\000t\000r\000u\000c\000t\000\040\000R\000e\000f\000e\000r\000e\000n\000c\000e}{chapter.3}% 207
\BOOKMARK [1][-]{section.3.164}{\376\377\0003\000.\0001\0006\0004\000\040\000W\000a\000l\000k\000e\000r\000\040\000S\000t\000r\000u\000c\000t\000\040\000R\000e\000f\000e\000r\000e\000n\000c\000e}{chapter.3}% 208
\BOOKMARK [1][-]{section.3.165}{\376\377\0003\000.\0001\0006\0005\000\040\000W\000a\000l\000I\000t\000e\000r\000a\000t\000o\000r\000:\000:\000W\000a\000l\000S\000e\000g\000m\000e\000n\000t\000\040\000S\000t\000r\000u\000c\000t\000\040\000R\000e\000f\000e\000r\000e\000n\000c\000e}{chapter.3}% 209
\BOOKMARK [1][-]{section.3.166}{\376\377\0003\000.\0001\0006\0006\000\040\000W\000a\000l\000W\000r\000i\000t\000e\000r\000\040\000S\000t\000r\000u\000c\000t\000\040\000R\000e\000f\000e\000r\000e\000n\000c\000e}{chapter.3}% 210
\BOOKMARK [1][-]{section.3.167}{\376\377\0003\000.\0001\0006\0007\000\040\000W\000h\000e\000r\000e\000A\000n\000d\000I\000n\000f\000o\000\040\000S\000t\000r\000u\000c\000t\000\040\000R\000e\000f\000e\000r\000e\000n\000c\000e}{chapter.3}% 211
\BOOKMARK [1][-]{section.3.168}{\376\377\0003\000.\0001\0006\0008\000\040\000W\000h\000e\000r\000e\000C\000l\000a\000u\000s\000e\000\040\000S\000t\000r\000u\000c\000t\000\040\000R\000e\000f\000e\000r\000e\000n\000c\000e}{chapter.3}% 212
\BOOKMARK [1][-]{section.3.169}{\376\377\0003\000.\0001\0006\0009\000\040\000W\000h\000e\000r\000e\000I\000n\000f\000o\000\040\000S\000t\000r\000u\000c\000t\000\040\000R\000e\000f\000e\000r\000e\000n\000c\000e}{chapter.3}% 213
\BOOKMARK [1][-]{section.3.170}{\376\377\0003\000.\0001\0007\0000\000\040\000W\000h\000e\000r\000e\000L\000e\000v\000e\000l\000\040\000S\000t\000r\000u\000c\000t\000\040\000R\000e\000f\000e\000r\000e\000n\000c\000e}{chapter.3}% 214
\BOOKMARK [1][-]{section.3.171}{\376\377\0003\000.\0001\0007\0001\000\040\000W\000h\000e\000r\000e\000L\000o\000o\000p\000\040\000S\000t\000r\000u\000c\000t\000\040\000R\000e\000f\000e\000r\000e\000n\000c\000e}{chapter.3}% 215
\BOOKMARK [1][-]{section.3.172}{\376\377\0003\000.\0001\0007\0002\000\040\000W\000h\000e\000r\000e\000L\000o\000o\000p\000B\000u\000i\000l\000d\000e\000r\000\040\000S\000t\000r\000u\000c\000t\000\040\000R\000e\000f\000e\000r\000e\000n\000c\000e}{chapter.3}% 216
\BOOKMARK [1][-]{section.3.173}{\376\377\0003\000.\0001\0007\0003\000\040\000W\000h\000e\000r\000e\000M\000a\000s\000k\000S\000e\000t\000\040\000S\000t\000r\000u\000c\000t\000\040\000R\000e\000f\000e\000r\000e\000n\000c\000e}{chapter.3}% 217
\BOOKMARK [1][-]{section.3.174}{\376\377\0003\000.\0001\0007\0004\000\040\000W\000h\000e\000r\000e\000O\000r\000C\000o\000s\000t\000\040\000S\000t\000r\000u\000c\000t\000\040\000R\000e\000f\000e\000r\000e\000n\000c\000e}{chapter.3}% 218
\BOOKMARK [1][-]{section.3.175}{\376\377\0003\000.\0001\0007\0005\000\040\000W\000h\000e\000r\000e\000O\000r\000I\000n\000f\000o\000\040\000S\000t\000r\000u\000c\000t\000\040\000R\000e\000f\000e\000r\000e\000n\000c\000e}{chapter.3}% 219
\BOOKMARK [1][-]{section.3.176}{\376\377\0003\000.\0001\0007\0006\000\040\000W\000h\000e\000r\000e\000O\000r\000S\000e\000t\000\040\000S\000t\000r\000u\000c\000t\000\040\000R\000e\000f\000e\000r\000e\000n\000c\000e}{chapter.3}% 220
\BOOKMARK [1][-]{section.3.177}{\376\377\0003\000.\0001\0007\0007\000\040\000W\000h\000e\000r\000e\000P\000a\000t\000h\000\040\000S\000t\000r\000u\000c\000t\000\040\000R\000e\000f\000e\000r\000e\000n\000c\000e}{chapter.3}% 221
\BOOKMARK [1][-]{section.3.178}{\376\377\0003\000.\0001\0007\0008\000\040\000W\000h\000e\000r\000e\000S\000c\000a\000n\000\040\000S\000t\000r\000u\000c\000t\000\040\000R\000e\000f\000e\000r\000e\000n\000c\000e}{chapter.3}% 222
\BOOKMARK [1][-]{section.3.179}{\376\377\0003\000.\0001\0007\0009\000\040\000W\000h\000e\000r\000e\000T\000e\000r\000m\000\040\000S\000t\000r\000u\000c\000t\000\040\000R\000e\000f\000e\000r\000e\000n\000c\000e}{chapter.3}% 223
\BOOKMARK [1][-]{section.3.180}{\376\377\0003\000.\0001\0008\0000\000\040\000W\000i\000t\000h\000\040\000S\000t\000r\000u\000c\000t\000\040\000R\000e\000f\000e\000r\000e\000n\000c\000e}{chapter.3}% 224
\BOOKMARK [1][-]{section.3.181}{\376\377\0003\000.\0001\0008\0001\000\040\000P\000a\000r\000s\000e\000:\000:\000y\000C\000o\000l\000C\000a\000c\000h\000e\000\040\000S\000t\000r\000u\000c\000t\000\040\000R\000e\000f\000e\000r\000e\000n\000c\000e}{chapter.3}% 225
\BOOKMARK [1][-]{section.3.182}{\376\377\0003\000.\0001\0008\0002\000\040\000Y\000Y\000M\000I\000N\000O\000R\000T\000Y\000P\000E\000\040\000U\000n\000i\000o\000n\000\040\000R\000e\000f\000e\000r\000e\000n\000c\000e}{chapter.3}% 226
\BOOKMARK [1][-]{section.3.183}{\376\377\0003\000.\0001\0008\0003\000\040\000y\000y\000P\000a\000r\000s\000e\000r\000\040\000S\000t\000r\000u\000c\000t\000\040\000R\000e\000f\000e\000r\000e\000n\000c\000e}{chapter.3}% 227
\BOOKMARK [1][-]{section.3.184}{\376\377\0003\000.\0001\0008\0004\000\040\000y\000y\000S\000t\000a\000c\000k\000E\000n\000t\000r\000y\000\040\000S\000t\000r\000u\000c\000t\000\040\000R\000e\000f\000e\000r\000e\000n\000c\000e}{chapter.3}% 228
\BOOKMARK [0][-]{section*.209}{\376\377\000I\000n\000d\000e\000x}{}% 229
